<?xml version="1.0" encoding="UTF-8"?>
<!-- Generated by org.testng.reporters.JUnitReportReporter -->
<testsuite hostname="KVEPA01" name="com.comcast.test.TaxCalculatorTest" tests="2" failures="0" timestamp="29 Jun 2015 06:57:12 GMT" time="0.017" errors="0">
  <testcase name="testTaxCalculationErrorCase" time="0.001" classname="com.comcast.test.TaxCalculatorTest"/>
  <testcase name="testTaxCalculation" time="0.016" classname="com.comcast.test.TaxCalculatorTest"/>
</testsuite> <!-- com.comcast.test.TaxCalculatorTest -->
